🔬 PubMed Direct Ingestion
==========================

📡 Endpoint: E-utilities Search
🔍 Query: (cannabis[Title/Abstract] OR cannabidiol[Title/Abstract] OR CBD[Title/Abstract] OR THC[Title/Abstract] OR marijuana[Title/Abstract] OR cannabinoid[Title/Abstract]) AND (2026[PDAT])

📝 Ingest Run ID: 7cf94a9f-5593-4631-a277-2ab7f05133df

1️⃣ Searching PubMed...
   Found 1357 articles

2️⃣ Fetching article details...
   Fetched 200/1357 articles
   Fetched 400/1357 articles
   Fetched 600/1357 articles
   Fetched 800/1357 articles
   Fetched 1000/1357 articles
   Fetched 1200/1357 articles
   Fetched 1357/1357 articles

3️⃣ Processing 1356 papers...

   ✅ Created 10 papers...
   ✅ Created 20 papers...
   ✅ Created 30 papers...
   ✅ Created 40 papers...
   ✅ Created 50 papers...
   ✅ Created 60 papers...
   ✅ Created 70 papers...
   ✅ Created 80 papers...
   ✅ Created 90 papers...
   ✅ Created 100 papers...
   ✅ Created 110 papers...
   ✅ Created 120 papers...
   ✅ Created 130 papers...
   ✅ Created 140 papers...
   ✅ Created 150 papers...
   ✅ Created 160 papers...
   ✅ Created 170 papers...
   ✅ Created 180 papers...
   ✅ Created 190 papers...
   ✅ Created 200 papers...
   ✅ Created 210 papers...
   ✅ Created 220 papers...
   ✅ Created 230 papers...
   ✅ Created 240 papers...
   ✅ Created 250 papers...
   ✅ Created 260 papers...
   ✅ Created 270 papers...
   ✅ Created 280 papers...
   ✅ Created 290 papers...
   ✅ Created 300 papers...
   ✅ Created 310 papers...
   ✅ Created 320 papers...
   ✅ Created 330 papers...
   ✅ Created 340 papers...
   ✅ Created 350 papers...
   ✅ Created 360 papers...
   ✅ Created 370 papers...
   ✅ Created 380 papers...
   ✅ Created 390 papers...
   ✅ Created 400 papers...
   ✅ Created 410 papers...
   ✅ Created 420 papers...
   ✅ Created 430 papers...
   ✅ Created 440 papers...
   ✅ Created 450 papers...
   ✅ Created 460 papers...
   ✅ Created 470 papers...
   ✅ Created 480 papers...
   ✅ Created 490 papers...
   ✅ Created 500 papers...
   ✅ Created 510 papers...
   ✅ Created 520 papers...
   ✅ Created 530 papers...
   ✅ Created 540 papers...
   ✅ Created 550 papers...
   ✅ Created 560 papers...
   ✅ Created 570 papers...
   ✅ Created 580 papers...
   ✅ Created 590 papers...
   ✅ Created 600 papers...
   ✅ Created 610 papers...
   ✅ Created 620 papers...
   ✅ Created 630 papers...
   ✅ Created 640 papers...
   ✅ Created 650 papers...
   ✅ Created 660 papers...
   ✅ Created 670 papers...
   ✅ Created 680 papers...
   ✅ Created 690 papers...
   ✅ Created 700 papers...
   ✅ Created 710 papers...
   ✅ Created 720 papers...
   ✅ Created 730 papers...
   ✅ Created 740 papers...
   ✅ Created 750 papers...
   ✅ Created 760 papers...
   ✅ Created 770 papers...
   ✅ Created 780 papers...
   ✅ Created 790 papers...
   ✅ Created 800 papers...
   ✅ Created 810 papers...
   ✅ Created 820 papers...
   ✅ Created 830 papers...
   ✅ Created 840 papers...
   ✅ Created 850 papers...
   ✅ Created 860 papers...
   ✅ Created 870 papers...
   ✅ Created 880 papers...
   ✅ Created 890 papers...
   ✅ Created 900 papers...
   ✅ Created 910 papers...
   ✅ Created 920 papers...
   ✅ Created 930 papers...
   ✅ Created 940 papers...
   ✅ Created 950 papers...
   ✅ Created 960 papers...
   ✅ Created 970 papers...
   ✅ Created 980 papers...
   ✅ Created 990 papers...
   ✅ Created 1000 papers...
   ✅ Created 1010 papers...
   ✅ Created 1020 papers...
   ✅ Created 1030 papers...
   ✅ Created 1040 papers...
   ✅ Created 1050 papers...
   ✅ Created 1060 papers...
   ✅ Created 1070 papers...
   ✅ Created 1080 papers...
   ✅ Created 1090 papers...
   ✅ Created 1100 papers...
   ✅ Created 1110 papers...
   ✅ Created 1120 papers...
   ✅ Created 1130 papers...
   ✅ Created 1140 papers...
   ✅ Created 1150 papers...
   ✅ Created 1160 papers...
   ✅ Created 1170 papers...
   ✅ Created 1180 papers...

==========================
✅ Ingestion Complete!

📊 Results:
   Processed: 1356
   Created: 1186
   Duplicates: 92
   Errors: 78
